{"message":"expected one of `:`, `@`, or `|`, found `;`","code":null,"level":"error","spans":[{"file_name":"src/repository.rs","byte_start":56,"byte_end":57,"line_start":3,"line_end":3,"column_start":31,"column_end":32,"is_primary":true,"text":[{"text":"    fn get_user(&self, user_id; uuid:Uuid) -> Result<User, String>;","highlight_start":31,"highlight_end":32}],"label":"expected one of `:`, `@`, or `|`","suggested_replacement":null,"suggestion_applicability":null,"expansion":null}],"children":[],"rendered":"\u001b[0m\u001b[1m\u001b[38;5;9merror\u001b[0m\u001b[0m\u001b[1m: expected one of `:`, `@`, or `|`, found `;`\u001b[0m\n\u001b[0m \u001b[0m\u001b[0m\u001b[1m\u001b[38;5;12m--> \u001b[0m\u001b[0msrc/repository.rs:3:31\u001b[0m\n\u001b[0m  \u001b[0m\u001b[0m\u001b[1m\u001b[38;5;12m|\u001b[0m\n\u001b[0m\u001b[1m\u001b[38;5;12m3\u001b[0m\u001b[0m \u001b[0m\u001b[0m\u001b[1m\u001b[38;5;12m| \u001b[0m\u001b[0m    fn get_user(&self, user_id; uuid:Uuid) -> Result<User, String>;\u001b[0m\n\u001b[0m  \u001b[0m\u001b[0m\u001b[1m\u001b[38;5;12m| \u001b[0m\u001b[0m                              \u001b[0m\u001b[0m\u001b[1m\u001b[38;5;9m^\u001b[0m\u001b[0m \u001b[0m\u001b[0m\u001b[1m\u001b[38;5;9mexpected one of `:`, `@`, or `|`\u001b[0m\n\n"}
{"message":"visibility `pub` is not followed by an item","code":null,"level":"error","spans":[{"file_name":"src/repository.rs","byte_start":100,"byte_end":103,"line_start":6,"line_end":6,"column_start":1,"column_end":4,"is_primary":true,"text":[{"text":"pub struc MemoryRepository {","highlight_start":1,"highlight_end":4}],"label":"the visibility","suggested_replacement":null,"suggestion_applicability":null,"expansion":null}],"children":[{"message":"you likely meant to define an item, e.g., `pub fn foo() {}`","code":null,"level":"help","spans":[],"children":[],"rendered":null}],"rendered":"\u001b[0m\u001b[1m\u001b[38;5;9merror\u001b[0m\u001b[0m\u001b[1m: visibility `pub` is not followed by an item\u001b[0m\n\u001b[0m \u001b[0m\u001b[0m\u001b[1m\u001b[38;5;12m--> \u001b[0m\u001b[0msrc/repository.rs:6:1\u001b[0m\n\u001b[0m  \u001b[0m\u001b[0m\u001b[1m\u001b[38;5;12m|\u001b[0m\n\u001b[0m\u001b[1m\u001b[38;5;12m6\u001b[0m\u001b[0m \u001b[0m\u001b[0m\u001b[1m\u001b[38;5;12m| \u001b[0m\u001b[0mpub struc MemoryRepository {\u001b[0m\n\u001b[0m  \u001b[0m\u001b[0m\u001b[1m\u001b[38;5;12m| \u001b[0m\u001b[0m\u001b[1m\u001b[38;5;9m^^^\u001b[0m\u001b[0m \u001b[0m\u001b[0m\u001b[1m\u001b[38;5;9mthe visibility\u001b[0m\n\u001b[0m  \u001b[0m\u001b[0m\u001b[1m\u001b[38;5;12m|\u001b[0m\n\u001b[0m  \u001b[0m\u001b[0m\u001b[1m\u001b[38;5;12m= \u001b[0m\u001b[0m\u001b[1mhelp\u001b[0m\u001b[0m: you likely meant to define an item, e.g., `pub fn foo() {}`\u001b[0m\n\n"}
{"message":"expected item, found `struc`","code":null,"level":"error","spans":[{"file_name":"src/repository.rs","byte_start":104,"byte_end":109,"line_start":6,"line_end":6,"column_start":5,"column_end":10,"is_primary":true,"text":[{"text":"pub struc MemoryRepository {","highlight_start":5,"highlight_end":10}],"label":"expected item","suggested_replacement":null,"suggestion_applicability":null,"expansion":null}],"children":[],"rendered":"\u001b[0m\u001b[1m\u001b[38;5;9merror\u001b[0m\u001b[0m\u001b[1m: expected item, found `struc`\u001b[0m\n\u001b[0m \u001b[0m\u001b[0m\u001b[1m\u001b[38;5;12m--> \u001b[0m\u001b[0msrc/repository.rs:6:5\u001b[0m\n\u001b[0m  \u001b[0m\u001b[0m\u001b[1m\u001b[38;5;12m|\u001b[0m\n\u001b[0m\u001b[1m\u001b[38;5;12m6\u001b[0m\u001b[0m \u001b[0m\u001b[0m\u001b[1m\u001b[38;5;12m| \u001b[0m\u001b[0mpub struc MemoryRepository {\u001b[0m\n\u001b[0m  \u001b[0m\u001b[0m\u001b[1m\u001b[38;5;12m| \u001b[0m\u001b[0m    \u001b[0m\u001b[0m\u001b[1m\u001b[38;5;9m^^^^^\u001b[0m\u001b[0m \u001b[0m\u001b[0m\u001b[1m\u001b[38;5;9mexpected item\u001b[0m\n\n"}
{"message":"failed to resolve: use of undeclared type `Utc`","code":{"code":"E0433","explanation":"An undeclared crate, module, or type was used.\n\nErroneous code example:\n\n```compile_fail,E0433\nlet map = HashMap::new();\n// error: failed to resolve: use of undeclared type `HashMap`\n```\n\nPlease verify you didn't misspell the type/module's name or that you didn't\nforget to import it:\n\n```\nuse std::collections::HashMap; // HashMap has been imported.\nlet map: HashMap<u32, u32> = HashMap::new(); // So it can be used!\n```\n\nIf you've expected to use a crate name:\n\n```compile_fail\nuse ferris_wheel::BigO;\n// error: failed to resolve: use of undeclared crate or module `ferris_wheel`\n```\n\nMake sure the crate has been added as a dependency in `Cargo.toml`.\n\nTo use a module from your current crate, add the `crate::` prefix to the path.\n"},"level":"error","spans":[{"file_name":"src/user.rs","byte_start":503,"byte_end":506,"line_start":19,"line_end":19,"column_start":30,"column_end":33,"is_primary":true,"text":[{"text":"            created_at: Some(Utc::now()),","highlight_start":30,"highlight_end":33}],"label":"use of undeclared type `Utc`","suggested_replacement":null,"suggestion_applicability":null,"expansion":null}],"children":[],"rendered":"\u001b[0m\u001b[1m\u001b[38;5;9merror[E0433]\u001b[0m\u001b[0m\u001b[1m: failed to resolve: use of undeclared type `Utc`\u001b[0m\n\u001b[0m  \u001b[0m\u001b[0m\u001b[1m\u001b[38;5;12m--> \u001b[0m\u001b[0msrc/user.rs:19:30\u001b[0m\n\u001b[0m   \u001b[0m\u001b[0m\u001b[1m\u001b[38;5;12m|\u001b[0m\n\u001b[0m\u001b[1m\u001b[38;5;12m19\u001b[0m\u001b[0m \u001b[0m\u001b[0m\u001b[1m\u001b[38;5;12m| \u001b[0m\u001b[0m            created_at: Some(Utc::now()),\u001b[0m\n\u001b[0m   \u001b[0m\u001b[0m\u001b[1m\u001b[38;5;12m| \u001b[0m\u001b[0m                             \u001b[0m\u001b[0m\u001b[1m\u001b[38;5;9m^^^\u001b[0m\u001b[0m \u001b[0m\u001b[0m\u001b[1m\u001b[38;5;9muse of undeclared type `Utc`\u001b[0m\n\n"}
{"message":"cannot find type `NaiveDate` in this scope","code":{"code":"E0412","explanation":"A used type name is not in scope.\n\nErroneous code examples:\n\n```compile_fail,E0412\nimpl Something {} // error: type name `Something` is not in scope\n\n// or:\n\ntrait Foo {\n    fn bar(N); // error: type name `N` is not in scope\n}\n\n// or:\n\nfn foo(x: T) {} // type name `T` is not in scope\n```\n\nTo fix this error, please verify you didn't misspell the type name, you did\ndeclare it or imported it into the scope. Examples:\n\n```\nstruct Something;\n\nimpl Something {} // ok!\n\n// or:\n\ntrait Foo {\n    type N;\n\n    fn bar(_: Self::N); // ok!\n}\n\n// or:\n\nfn foo<T>(x: T) {} // ok!\n```\n\nAnother case that causes this error is when a type is imported into a parent\nmodule. To fix this, you can follow the suggestion and use File directly or\n`use super::File;` which will import the types from the parent namespace. An\nexample that causes this error is below:\n\n```compile_fail,E0412\nuse std::fs::File;\n\nmod foo {\n    fn some_function(f: File) {}\n}\n```\n\n```\nuse std::fs::File;\n\nmod foo {\n    // either\n    use super::File;\n    // or\n    // use std::fs::File;\n    fn foo(f: File) {}\n}\n# fn main() {} // don't insert it for us; that'll break imports\n```\n"},"level":"error","spans":[{"file_name":"src/user.rs","byte_start":85,"byte_end":94,"line_start":4,"line_end":4,"column_start":22,"column_end":31,"is_primary":true,"text":[{"text":"    pub  birth_date: NaiveDate,","highlight_start":22,"highlight_end":31}],"label":"not found in this scope","suggested_replacement":null,"suggestion_applicability":null,"expansion":null}],"children":[],"rendered":"\u001b[0m\u001b[1m\u001b[38;5;9merror[E0412]\u001b[0m\u001b[0m\u001b[1m: cannot find type `NaiveDate` in this scope\u001b[0m\n\u001b[0m \u001b[0m\u001b[0m\u001b[1m\u001b[38;5;12m--> \u001b[0m\u001b[0msrc/user.rs:4:22\u001b[0m\n\u001b[0m  \u001b[0m\u001b[0m\u001b[1m\u001b[38;5;12m|\u001b[0m\n\u001b[0m\u001b[1m\u001b[38;5;12m4\u001b[0m\u001b[0m \u001b[0m\u001b[0m\u001b[1m\u001b[38;5;12m| \u001b[0m\u001b[0m    pub  birth_date: NaiveDate,\u001b[0m\n\u001b[0m  \u001b[0m\u001b[0m\u001b[1m\u001b[38;5;12m| \u001b[0m\u001b[0m                     \u001b[0m\u001b[0m\u001b[1m\u001b[38;5;9m^^^^^^^^^\u001b[0m\u001b[0m \u001b[0m\u001b[0m\u001b[1m\u001b[38;5;9mnot found in this scope\u001b[0m\n\n"}
{"message":"cannot find type `DateTime` in this scope","code":{"code":"E0412","explanation":"A used type name is not in scope.\n\nErroneous code examples:\n\n```compile_fail,E0412\nimpl Something {} // error: type name `Something` is not in scope\n\n// or:\n\ntrait Foo {\n    fn bar(N); // error: type name `N` is not in scope\n}\n\n// or:\n\nfn foo(x: T) {} // type name `T` is not in scope\n```\n\nTo fix this error, please verify you didn't misspell the type name, you did\ndeclare it or imported it into the scope. Examples:\n\n```\nstruct Something;\n\nimpl Something {} // ok!\n\n// or:\n\ntrait Foo {\n    type N;\n\n    fn bar(_: Self::N); // ok!\n}\n\n// or:\n\nfn foo<T>(x: T) {} // ok!\n```\n\nAnother case that causes this error is when a type is imported into a parent\nmodule. To fix this, you can follow the suggestion and use File directly or\n`use super::File;` which will import the types from the parent namespace. An\nexample that causes this error is below:\n\n```compile_fail,E0412\nuse std::fs::File;\n\nmod foo {\n    fn some_function(f: File) {}\n}\n```\n\n```\nuse std::fs::File;\n\nmod foo {\n    // either\n    use super::File;\n    // or\n    // use std::fs::File;\n    fn foo(f: File) {}\n}\n# fn main() {} // don't insert it for us; that'll break imports\n```\n"},"level":"error","spans":[{"file_name":"src/user.rs","byte_start":156,"byte_end":164,"line_start":6,"line_end":6,"column_start":28,"column_end":36,"is_primary":true,"text":[{"text":"    pub created_at: Option<DateTime<Utc>>,","highlight_start":28,"highlight_end":36}],"label":"not found in this scope","suggested_replacement":null,"suggestion_applicability":null,"expansion":null}],"children":[],"rendered":"\u001b[0m\u001b[1m\u001b[38;5;9merror[E0412]\u001b[0m\u001b[0m\u001b[1m: cannot find type `DateTime` in this scope\u001b[0m\n\u001b[0m \u001b[0m\u001b[0m\u001b[1m\u001b[38;5;12m--> \u001b[0m\u001b[0msrc/user.rs:6:28\u001b[0m\n\u001b[0m  \u001b[0m\u001b[0m\u001b[1m\u001b[38;5;12m|\u001b[0m\n\u001b[0m\u001b[1m\u001b[38;5;12m6\u001b[0m\u001b[0m \u001b[0m\u001b[0m\u001b[1m\u001b[38;5;12m| \u001b[0m\u001b[0m    pub created_at: Option<DateTime<Utc>>,\u001b[0m\n\u001b[0m  \u001b[0m\u001b[0m\u001b[1m\u001b[38;5;12m| \u001b[0m\u001b[0m                           \u001b[0m\u001b[0m\u001b[1m\u001b[38;5;9m^^^^^^^^\u001b[0m\u001b[0m \u001b[0m\u001b[0m\u001b[1m\u001b[38;5;9mnot found in this scope\u001b[0m\n\n"}
{"message":"cannot find type `Utc` in this scope","code":{"code":"E0412","explanation":"A used type name is not in scope.\n\nErroneous code examples:\n\n```compile_fail,E0412\nimpl Something {} // error: type name `Something` is not in scope\n\n// or:\n\ntrait Foo {\n    fn bar(N); // error: type name `N` is not in scope\n}\n\n// or:\n\nfn foo(x: T) {} // type name `T` is not in scope\n```\n\nTo fix this error, please verify you didn't misspell the type name, you did\ndeclare it or imported it into the scope. Examples:\n\n```\nstruct Something;\n\nimpl Something {} // ok!\n\n// or:\n\ntrait Foo {\n    type N;\n\n    fn bar(_: Self::N); // ok!\n}\n\n// or:\n\nfn foo<T>(x: T) {} // ok!\n```\n\nAnother case that causes this error is when a type is imported into a parent\nmodule. To fix this, you can follow the suggestion and use File directly or\n`use super::File;` which will import the types from the parent namespace. An\nexample that causes this error is below:\n\n```compile_fail,E0412\nuse std::fs::File;\n\nmod foo {\n    fn some_function(f: File) {}\n}\n```\n\n```\nuse std::fs::File;\n\nmod foo {\n    // either\n    use super::File;\n    // or\n    // use std::fs::File;\n    fn foo(f: File) {}\n}\n# fn main() {} // don't insert it for us; that'll break imports\n```\n"},"level":"error","spans":[{"file_name":"src/user.rs","byte_start":165,"byte_end":168,"line_start":6,"line_end":6,"column_start":37,"column_end":40,"is_primary":true,"text":[{"text":"    pub created_at: Option<DateTime<Utc>>,","highlight_start":37,"highlight_end":40}],"label":"not found in this scope","suggested_replacement":null,"suggestion_applicability":null,"expansion":null}],"children":[{"message":"you might be missing a type parameter","code":null,"level":"help","spans":[{"file_name":"src/user.rs","byte_start":15,"byte_end":15,"line_start":1,"line_end":1,"column_start":16,"column_end":16,"is_primary":true,"text":[{"text":"pub struct User {","highlight_start":16,"highlight_end":16}],"label":null,"suggested_replacement":"<Utc>","suggestion_applicability":"MaybeIncorrect","expansion":null}],"children":[],"rendered":null}],"rendered":"\u001b[0m\u001b[1m\u001b[38;5;9merror[E0412]\u001b[0m\u001b[0m\u001b[1m: cannot find type `Utc` in this scope\u001b[0m\n\u001b[0m \u001b[0m\u001b[0m\u001b[1m\u001b[38;5;12m--> \u001b[0m\u001b[0msrc/user.rs:6:37\u001b[0m\n\u001b[0m  \u001b[0m\u001b[0m\u001b[1m\u001b[38;5;12m|\u001b[0m\n\u001b[0m\u001b[1m\u001b[38;5;12m1\u001b[0m\u001b[0m \u001b[0m\u001b[0m\u001b[1m\u001b[38;5;12m| \u001b[0m\u001b[0mpub struct User {\u001b[0m\n\u001b[0m  \u001b[0m\u001b[0m\u001b[1m\u001b[38;5;12m| \u001b[0m\u001b[0m               \u001b[0m\u001b[0m\u001b[1m\u001b[38;5;12m-\u001b[0m\u001b[0m \u001b[0m\u001b[0m\u001b[1m\u001b[38;5;12mhelp: you might be missing a type parameter: `<Utc>`\u001b[0m\n\u001b[0m\u001b[1m\u001b[38;5;12m...\u001b[0m\n\u001b[0m\u001b[1m\u001b[38;5;12m6\u001b[0m\u001b[0m \u001b[0m\u001b[0m\u001b[1m\u001b[38;5;12m| \u001b[0m\u001b[0m    pub created_at: Option<DateTime<Utc>>,\u001b[0m\n\u001b[0m  \u001b[0m\u001b[0m\u001b[1m\u001b[38;5;12m| \u001b[0m\u001b[0m                                    \u001b[0m\u001b[0m\u001b[1m\u001b[38;5;9m^^^\u001b[0m\u001b[0m \u001b[0m\u001b[0m\u001b[1m\u001b[38;5;9mnot found in this scope\u001b[0m\n\n"}
{"message":"cannot find type `DateTime` in this scope","code":{"code":"E0412","explanation":"A used type name is not in scope.\n\nErroneous code examples:\n\n```compile_fail,E0412\nimpl Something {} // error: type name `Something` is not in scope\n\n// or:\n\ntrait Foo {\n    fn bar(N); // error: type name `N` is not in scope\n}\n\n// or:\n\nfn foo(x: T) {} // type name `T` is not in scope\n```\n\nTo fix this error, please verify you didn't misspell the type name, you did\ndeclare it or imported it into the scope. Examples:\n\n```\nstruct Something;\n\nimpl Something {} // ok!\n\n// or:\n\ntrait Foo {\n    type N;\n\n    fn bar(_: Self::N); // ok!\n}\n\n// or:\n\nfn foo<T>(x: T) {} // ok!\n```\n\nAnother case that causes this error is when a type is imported into a parent\nmodule. To fix this, you can follow the suggestion and use File directly or\n`use super::File;` which will import the types from the parent namespace. An\nexample that causes this error is below:\n\n```compile_fail,E0412\nuse std::fs::File;\n\nmod foo {\n    fn some_function(f: File) {}\n}\n```\n\n```\nuse std::fs::File;\n\nmod foo {\n    // either\n    use super::File;\n    // or\n    // use std::fs::File;\n    fn foo(f: File) {}\n}\n# fn main() {} // don't insert it for us; that'll break imports\n```\n"},"level":"error","spans":[{"file_name":"src/user.rs","byte_start":199,"byte_end":207,"line_start":7,"line_end":7,"column_start":28,"column_end":36,"is_primary":true,"text":[{"text":"    pub updated_at: Option<DateTime<Utc>>","highlight_start":28,"highlight_end":36}],"label":"not found in this scope","suggested_replacement":null,"suggestion_applicability":null,"expansion":null}],"children":[],"rendered":"\u001b[0m\u001b[1m\u001b[38;5;9merror[E0412]\u001b[0m\u001b[0m\u001b[1m: cannot find type `DateTime` in this scope\u001b[0m\n\u001b[0m \u001b[0m\u001b[0m\u001b[1m\u001b[38;5;12m--> \u001b[0m\u001b[0msrc/user.rs:7:28\u001b[0m\n\u001b[0m  \u001b[0m\u001b[0m\u001b[1m\u001b[38;5;12m|\u001b[0m\n\u001b[0m\u001b[1m\u001b[38;5;12m7\u001b[0m\u001b[0m \u001b[0m\u001b[0m\u001b[1m\u001b[38;5;12m| \u001b[0m\u001b[0m    pub updated_at: Option<DateTime<Utc>>\u001b[0m\n\u001b[0m  \u001b[0m\u001b[0m\u001b[1m\u001b[38;5;12m| \u001b[0m\u001b[0m                           \u001b[0m\u001b[0m\u001b[1m\u001b[38;5;9m^^^^^^^^\u001b[0m\u001b[0m \u001b[0m\u001b[0m\u001b[1m\u001b[38;5;9mnot found in this scope\u001b[0m\n\n"}
{"message":"cannot find type `Utc` in this scope","code":{"code":"E0412","explanation":"A used type name is not in scope.\n\nErroneous code examples:\n\n```compile_fail,E0412\nimpl Something {} // error: type name `Something` is not in scope\n\n// or:\n\ntrait Foo {\n    fn bar(N); // error: type name `N` is not in scope\n}\n\n// or:\n\nfn foo(x: T) {} // type name `T` is not in scope\n```\n\nTo fix this error, please verify you didn't misspell the type name, you did\ndeclare it or imported it into the scope. Examples:\n\n```\nstruct Something;\n\nimpl Something {} // ok!\n\n// or:\n\ntrait Foo {\n    type N;\n\n    fn bar(_: Self::N); // ok!\n}\n\n// or:\n\nfn foo<T>(x: T) {} // ok!\n```\n\nAnother case that causes this error is when a type is imported into a parent\nmodule. To fix this, you can follow the suggestion and use File directly or\n`use super::File;` which will import the types from the parent namespace. An\nexample that causes this error is below:\n\n```compile_fail,E0412\nuse std::fs::File;\n\nmod foo {\n    fn some_function(f: File) {}\n}\n```\n\n```\nuse std::fs::File;\n\nmod foo {\n    // either\n    use super::File;\n    // or\n    // use std::fs::File;\n    fn foo(f: File) {}\n}\n# fn main() {} // don't insert it for us; that'll break imports\n```\n"},"level":"error","spans":[{"file_name":"src/user.rs","byte_start":208,"byte_end":211,"line_start":7,"line_end":7,"column_start":37,"column_end":40,"is_primary":true,"text":[{"text":"    pub updated_at: Option<DateTime<Utc>>","highlight_start":37,"highlight_end":40}],"label":"not found in this scope","suggested_replacement":null,"suggestion_applicability":null,"expansion":null}],"children":[{"message":"you might be missing a type parameter","code":null,"level":"help","spans":[{"file_name":"src/user.rs","byte_start":15,"byte_end":15,"line_start":1,"line_end":1,"column_start":16,"column_end":16,"is_primary":true,"text":[{"text":"pub struct User {","highlight_start":16,"highlight_end":16}],"label":null,"suggested_replacement":"<Utc>","suggestion_applicability":"MaybeIncorrect","expansion":null}],"children":[],"rendered":null}],"rendered":"\u001b[0m\u001b[1m\u001b[38;5;9merror[E0412]\u001b[0m\u001b[0m\u001b[1m: cannot find type `Utc` in this scope\u001b[0m\n\u001b[0m \u001b[0m\u001b[0m\u001b[1m\u001b[38;5;12m--> \u001b[0m\u001b[0msrc/user.rs:7:37\u001b[0m\n\u001b[0m  \u001b[0m\u001b[0m\u001b[1m\u001b[38;5;12m|\u001b[0m\n\u001b[0m\u001b[1m\u001b[38;5;12m1\u001b[0m\u001b[0m \u001b[0m\u001b[0m\u001b[1m\u001b[38;5;12m| \u001b[0m\u001b[0mpub struct User {\u001b[0m\n\u001b[0m  \u001b[0m\u001b[0m\u001b[1m\u001b[38;5;12m| \u001b[0m\u001b[0m               \u001b[0m\u001b[0m\u001b[1m\u001b[38;5;12m-\u001b[0m\u001b[0m \u001b[0m\u001b[0m\u001b[1m\u001b[38;5;12mhelp: you might be missing a type parameter: `<Utc>`\u001b[0m\n\u001b[0m\u001b[1m\u001b[38;5;12m...\u001b[0m\n\u001b[0m\u001b[1m\u001b[38;5;12m7\u001b[0m\u001b[0m \u001b[0m\u001b[0m\u001b[1m\u001b[38;5;12m| \u001b[0m\u001b[0m    pub updated_at: Option<DateTime<Utc>>\u001b[0m\n\u001b[0m  \u001b[0m\u001b[0m\u001b[1m\u001b[38;5;12m| \u001b[0m\u001b[0m                                    \u001b[0m\u001b[0m\u001b[1m\u001b[38;5;9m^^^\u001b[0m\u001b[0m \u001b[0m\u001b[0m\u001b[1m\u001b[38;5;9mnot found in this scope\u001b[0m\n\n"}
{"message":"cannot find value `NaiveDate` in this scope","code":{"code":"E0425","explanation":"An unresolved name was used.\n\nErroneous code examples:\n\n```compile_fail,E0425\nsomething_that_doesnt_exist::foo;\n// error: unresolved name `something_that_doesnt_exist::foo`\n\n// or:\n\ntrait Foo {\n    fn bar() {\n        Self; // error: unresolved name `Self`\n    }\n}\n\n// or:\n\nlet x = unknown_variable;  // error: unresolved name `unknown_variable`\n```\n\nPlease verify that the name wasn't misspelled and ensure that the\nidentifier being referred to is valid for the given situation. Example:\n\n```\nenum something_that_does_exist {\n    Foo,\n}\n```\n\nOr:\n\n```\nmod something_that_does_exist {\n    pub static foo : i32 = 0i32;\n}\n\nsomething_that_does_exist::foo; // ok!\n```\n\nOr:\n\n```\nlet unknown_variable = 12u32;\nlet x = unknown_variable; // ok!\n```\n\nIf the item is not defined in the current module, it must be imported using a\n`use` statement, like so:\n\n```\n# mod foo { pub fn bar() {} }\n# fn main() {\nuse foo::bar;\nbar();\n# }\n```\n\nIf the item you are importing is not defined in some super-module of the\ncurrent module, then it must also be declared as public (e.g., `pub fn`).\n"},"level":"error","spans":[{"file_name":"src/user.rs","byte_start":390,"byte_end":399,"line_start":16,"line_end":16,"column_start":25,"column_end":34,"is_primary":true,"text":[{"text":"            birth_date: NaiveDate, ","highlight_start":25,"highlight_end":34}],"label":"not found in this scope","suggested_replacement":null,"suggestion_applicability":null,"expansion":null}],"children":[],"rendered":"\u001b[0m\u001b[1m\u001b[38;5;9merror[E0425]\u001b[0m\u001b[0m\u001b[1m: cannot find value `NaiveDate` in this scope\u001b[0m\n\u001b[0m  \u001b[0m\u001b[0m\u001b[1m\u001b[38;5;12m--> \u001b[0m\u001b[0msrc/user.rs:16:25\u001b[0m\n\u001b[0m   \u001b[0m\u001b[0m\u001b[1m\u001b[38;5;12m|\u001b[0m\n\u001b[0m\u001b[1m\u001b[38;5;12m16\u001b[0m\u001b[0m \u001b[0m\u001b[0m\u001b[1m\u001b[38;5;12m| \u001b[0m\u001b[0m            birth_date: NaiveDate, \u001b[0m\n\u001b[0m   \u001b[0m\u001b[0m\u001b[1m\u001b[38;5;12m| \u001b[0m\u001b[0m                        \u001b[0m\u001b[0m\u001b[1m\u001b[38;5;9m^^^^^^^^^\u001b[0m\u001b[0m \u001b[0m\u001b[0m\u001b[1m\u001b[38;5;9mnot found in this scope\u001b[0m\n\n"}
{"message":"cannot find value `NaiveDate` in this scope","code":{"code":"E0425","explanation":"An unresolved name was used.\n\nErroneous code examples:\n\n```compile_fail,E0425\nsomething_that_doesnt_exist::foo;\n// error: unresolved name `something_that_doesnt_exist::foo`\n\n// or:\n\ntrait Foo {\n    fn bar() {\n        Self; // error: unresolved name `Self`\n    }\n}\n\n// or:\n\nlet x = unknown_variable;  // error: unresolved name `unknown_variable`\n```\n\nPlease verify that the name wasn't misspelled and ensure that the\nidentifier being referred to is valid for the given situation. Example:\n\n```\nenum something_that_does_exist {\n    Foo,\n}\n```\n\nOr:\n\n```\nmod something_that_does_exist {\n    pub static foo : i32 = 0i32;\n}\n\nsomething_that_does_exist::foo; // ok!\n```\n\nOr:\n\n```\nlet unknown_variable = 12u32;\nlet x = unknown_variable; // ok!\n```\n\nIf the item is not defined in the current module, it must be imported using a\n`use` statement, like so:\n\n```\n# mod foo { pub fn bar() {} }\n# fn main() {\nuse foo::bar;\nbar();\n# }\n```\n\nIf the item you are importing is not defined in some super-module of the\ncurrent module, then it must also be declared as public (e.g., `pub fn`).\n"},"level":"error","spans":[{"file_name":"src/user.rs","byte_start":463,"byte_end":472,"line_start":18,"line_end":18,"column_start":13,"column_end":22,"is_primary":true,"text":[{"text":"            NaiveDate,","highlight_start":13,"highlight_end":22}],"label":"not found in this scope","suggested_replacement":null,"suggestion_applicability":null,"expansion":null}],"children":[],"rendered":"\u001b[0m\u001b[1m\u001b[38;5;9merror[E0425]\u001b[0m\u001b[0m\u001b[1m: cannot find value `NaiveDate` in this scope\u001b[0m\n\u001b[0m  \u001b[0m\u001b[0m\u001b[1m\u001b[38;5;12m--> \u001b[0m\u001b[0msrc/user.rs:18:13\u001b[0m\n\u001b[0m   \u001b[0m\u001b[0m\u001b[1m\u001b[38;5;12m|\u001b[0m\n\u001b[0m\u001b[1m\u001b[38;5;12m18\u001b[0m\u001b[0m \u001b[0m\u001b[0m\u001b[1m\u001b[38;5;12m| \u001b[0m\u001b[0m            NaiveDate,\u001b[0m\n\u001b[0m   \u001b[0m\u001b[0m\u001b[1m\u001b[38;5;12m| \u001b[0m\u001b[0m            \u001b[0m\u001b[0m\u001b[1m\u001b[38;5;9m^^^^^^^^^\u001b[0m\u001b[0m \u001b[0m\u001b[0m\u001b[1m\u001b[38;5;9mnot found in this scope\u001b[0m\n\n"}
{"message":"struct `User` has no field named `NaiveDate`","code":{"code":"E0560","explanation":"An unknown field was specified into a structure.\n\nErroneous code example:\n\n```compile_fail,E0560\nstruct Simba {\n    mother: u32,\n}\n\nlet s = Simba { mother: 1, father: 0 };\n// error: structure `Simba` has no field named `father`\n```\n\nVerify you didn't misspell the field's name or that the field exists. Example:\n\n```\nstruct Simba {\n    mother: u32,\n    father: u32,\n}\n\nlet s = Simba { mother: 1, father: 0 }; // ok!\n```\n"},"level":"error","spans":[{"file_name":"src/user.rs","byte_start":463,"byte_end":472,"line_start":18,"line_end":18,"column_start":13,"column_end":22,"is_primary":true,"text":[{"text":"            NaiveDate,","highlight_start":13,"highlight_end":22}],"label":"`User` does not have this field","suggested_replacement":null,"suggestion_applicability":null,"expansion":null}],"children":[{"message":"available fields are: `id`, `name`, `birth_date`, `custom_data`, `created_at`, `updated_at`","code":null,"level":"note","spans":[],"children":[],"rendered":null}],"rendered":"\u001b[0m\u001b[1m\u001b[38;5;9merror[E0560]\u001b[0m\u001b[0m\u001b[1m: struct `User` has no field named `NaiveDate`\u001b[0m\n\u001b[0m  \u001b[0m\u001b[0m\u001b[1m\u001b[38;5;12m--> \u001b[0m\u001b[0msrc/user.rs:18:13\u001b[0m\n\u001b[0m   \u001b[0m\u001b[0m\u001b[1m\u001b[38;5;12m|\u001b[0m\n\u001b[0m\u001b[1m\u001b[38;5;12m18\u001b[0m\u001b[0m \u001b[0m\u001b[0m\u001b[1m\u001b[38;5;12m| \u001b[0m\u001b[0m            NaiveDate,\u001b[0m\n\u001b[0m   \u001b[0m\u001b[0m\u001b[1m\u001b[38;5;12m| \u001b[0m\u001b[0m            \u001b[0m\u001b[0m\u001b[1m\u001b[38;5;9m^^^^^^^^^\u001b[0m\u001b[0m \u001b[0m\u001b[0m\u001b[1m\u001b[38;5;9m`User` does not have this field\u001b[0m\n\u001b[0m   \u001b[0m\u001b[0m\u001b[1m\u001b[38;5;12m|\u001b[0m\n\u001b[0m   \u001b[0m\u001b[0m\u001b[1m\u001b[38;5;12m= \u001b[0m\u001b[0m\u001b[1mnote\u001b[0m\u001b[0m: available fields are: `id`, `name`, `birth_date`, `custom_data`, `created_at`, `updated_at`\u001b[0m\n\n"}
{"message":"aborting due to 12 previous errors","code":null,"level":"error","spans":[],"children":[],"rendered":"\u001b[0m\u001b[1m\u001b[38;5;9merror\u001b[0m\u001b[0m\u001b[1m: aborting due to 12 previous errors\u001b[0m\n\n"}
{"message":"Some errors have detailed explanations: E0412, E0425, E0433, E0560.","code":null,"level":"failure-note","spans":[],"children":[],"rendered":"\u001b[0m\u001b[1mSome errors have detailed explanations: E0412, E0425, E0433, E0560.\u001b[0m\n"}
{"message":"For more information about an error, try `rustc --explain E0412`.","code":null,"level":"failure-note","spans":[],"children":[],"rendered":"\u001b[0m\u001b[1mFor more information about an error, try `rustc --explain E0412`.\u001b[0m\n"}
